[debug] [2022-10-02T05:53:40.042Z] ----------------------------------------------------------------------
[debug] [2022-10-02T05:53:40.043Z] Command:       C:\Program Files\nodejs\node.exe C:\Users\marco\AppData\Roaming\npm\node_modules\firebase-tools\lib\bin\firebase.js emulators:start
[debug] [2022-10-02T05:53:40.044Z] CLI Version:   11.13.0
[debug] [2022-10-02T05:53:40.044Z] Platform:      win32
[debug] [2022-10-02T05:53:40.044Z] Node Version:  v16.17.1
[debug] [2022-10-02T05:53:40.045Z] Time:          Sun Oct 02 2022 07:53:40 GMT+0200 (Ora legale dell’Europa centrale)
[debug] [2022-10-02T05:53:40.045Z] ----------------------------------------------------------------------
[debug] 
[debug] [2022-10-02T05:53:40.114Z] > command requires scopes: ["email","openid","https://www.googleapis.com/auth/cloudplatformprojects.readonly","https://www.googleapis.com/auth/firebase","https://www.googleapis.com/auth/cloud-platform"]
[debug] [2022-10-02T05:53:40.115Z] > authorizing via signed-in user (marcocrupi@gmail.com)
[info] i  emulators: Starting emulators: functions {"metadata":{"emulator":{"name":"hub"},"message":"Starting emulators: functions"}}
[debug] [2022-10-02T05:53:40.135Z] [hub] writing locator at C:\Users\marco\AppData\Local\Temp\hub-clone-514e2.json
[warn] !  functions: The following emulators are not running, calls to these services from the Functions emulator will affect production: auth, firestore, database, hosting, pubsub, storage, eventarc {"metadata":{"emulator":{"name":"functions"},"message":"The following emulators are not running, calls to these services from the Functions emulator will affect production: \u001b[1mauth, firestore, database, hosting, pubsub, storage, eventarc\u001b[22m"}}
[info] +  functions: Using node@16 from host. {"metadata":{"emulator":{"name":"functions"},"message":"Using node@16 from host."}}
[debug] [2022-10-02T05:53:40.169Z] defaultcredentials: writing to file C:\Users\marco\AppData\Roaming\firebase\marcocrupi_gmail_com_application_default_credentials.json
[debug] [2022-10-02T05:53:40.171Z] Setting GAC to C:\Users\marco\AppData\Roaming\firebase\marcocrupi_gmail_com_application_default_credentials.json {"metadata":{"emulator":{"name":"functions"},"message":"Setting GAC to C:\\Users\\marco\\AppData\\Roaming\\firebase\\marcocrupi_gmail_com_application_default_credentials.json"}}
[debug] [2022-10-02T05:53:40.172Z] >>> [apiv2][query] GET https://firebase.googleapis.com/v1beta1/projects/clone-514e2/adminSdkConfig [none]
[debug] [2022-10-02T05:53:40.552Z] <<< [apiv2][status] GET https://firebase.googleapis.com/v1beta1/projects/clone-514e2/adminSdkConfig 200
[debug] [2022-10-02T05:53:40.552Z] <<< [apiv2][body] GET https://firebase.googleapis.com/v1beta1/projects/clone-514e2/adminSdkConfig {"projectId":"clone-514e2","storageBucket":"clone-514e2.appspot.com"}
[debug] [2022-10-02T05:53:40.574Z] Ignoring unsupported arg: auto_download {"metadata":{"emulator":{"name":"ui"},"message":"Ignoring unsupported arg: auto_download"}}
[debug] [2022-10-02T05:53:40.574Z] Ignoring unsupported arg: port {"metadata":{"emulator":{"name":"ui"},"message":"Ignoring unsupported arg: port"}}
[debug] [2022-10-02T05:53:40.574Z] Starting Emulator UI with command {"binary":"node","args":["C:\\Users\\marco\\.cache\\firebase\\emulators\\ui-v1.9.0\\server\\server.js"],"optionalArgs":[],"joinArgs":false} {"metadata":{"emulator":{"name":"ui"},"message":"Starting Emulator UI with command {\"binary\":\"node\",\"args\":[\"C:\\\\Users\\\\marco\\\\.cache\\\\firebase\\\\emulators\\\\ui-v1.9.0\\\\server\\\\server.js\"],\"optionalArgs\":[],\"joinArgs\":false}"}}
[info] i  ui: Emulator UI logging to ui-debug.log {"metadata":{"emulator":{"name":"ui"},"message":"Emulator UI logging to \u001b[1mui-debug.log\u001b[22m"}}
[debug] [2022-10-02T05:53:40.691Z] Web / API server started at localhost:4000
 {"metadata":{"emulator":{"name":"ui"},"message":"Web / API server started at localhost:4000\n"}}
[info] i  functions: Watching "D:\Marco\Documenti\Web Developer\Progetti\amazon-clone\functions" for Cloud Functions... {"metadata":{"emulator":{"name":"functions"},"message":"Watching \"D:\\Marco\\Documenti\\Web Developer\\Progetti\\amazon-clone\\functions\" for Cloud Functions..."}}
[debug] [2022-10-02T05:53:40.855Z] Validating nodejs source
[debug] [2022-10-02T05:53:44.008Z] > [functions] package.json contents: {
  "name": "functions",
  "description": "Cloud Functions for Firebase",
  "scripts": {
    "lint": "eslint .",
    "serve": "firebase emulators:start --only functions",
    "shell": "firebase functions:shell",
    "start": "npm run shell",
    "deploy": "firebase deploy --only functions",
    "logs": "firebase functions:log"
  },
  "engines": {
    "node": "16"
  },
  "main": "index.js",
  "dependencies": {
    "cors": "^2.8.5",
    "express": "^4.18.1",
    "firebase-admin": "^10.0.2",
    "firebase-functions": "^3.18.0",
    "stripe": "^10.12.0"
  },
  "devDependencies": {
    "eslint": "^8.9.0",
    "eslint-config-google": "^0.14.0",
    "firebase-functions-test": "^0.2.0"
  },
  "private": true
}
[debug] [2022-10-02T05:53:44.008Z] Building nodejs source
[debug] [2022-10-02T05:53:44.008Z] Analyzing nodejs backend spec
[debug] [2022-10-02T05:53:44.009Z] Could not find functions.yaml. Must use http discovery
[debug] [2022-10-02T05:53:44.203Z] Serving at port 9005

[debug] [2022-10-02T05:53:44.317Z] Got response from /__/functions.yaml {"endpoints":{"api":{"platform":"gcfv1","httpsTrigger":{},"entryPoint":"api"}},"specVersion":"v1alpha1","requiredAPIs":[]}
[debug] [2022-10-02T05:53:44.323Z] shutdown requested via /__/quitquitquit

[info] +  functions: Loaded functions definitions from source: api. {"metadata":{"emulator":{"name":"functions"},"message":"Loaded functions definitions from source: api."}}
[info] +  functions[us-central1-api]: http function initialized (http://localhost:5001/clone-514e2/us-central1/api). {"metadata":{"emulator":{"name":"functions"},"message":"\u001b[1mhttp\u001b[22m function initialized (http://localhost:5001/clone-514e2/us-central1/api)."}}
[info] 
┌─────────────────────────────────────────────────────────────┐
│ ✔  All emulators ready! It is now safe to connect your app. │
│ i  View Emulator UI at http://localhost:4000                │
└─────────────────────────────────────────────────────────────┘

┌───────────┬────────────────┬─────────────────────────────────┐
│ Emulator  │ Host:Port      │ View in Emulator UI             │
├───────────┼────────────────┼─────────────────────────────────┤
│ Functions │ localhost:5001 │ http://localhost:4000/functions │
└───────────┴────────────────┴─────────────────────────────────┘
  Emulator Hub running at localhost:4400
  Other reserved ports: 4500

Issues? Report them at https://github.com/firebase/firebase-tools/issues and attach the *-debug.log files.
 
[debug] [2022-10-02T05:54:38.473Z] File D:\Marco\Documenti\Web Developer\Progetti\amazon-clone\functions\index.js changed, reloading triggers {"metadata":{"emulator":{"name":"functions"},"message":"File D:\\Marco\\Documenti\\Web Developer\\Progetti\\amazon-clone\\functions\\index.js changed, reloading triggers"}}
[debug] [2022-10-02T05:54:39.482Z] Validating nodejs source
[debug] [2022-10-02T05:54:42.157Z] > [functions] package.json contents: {
  "name": "functions",
  "description": "Cloud Functions for Firebase",
  "scripts": {
    "lint": "eslint .",
    "serve": "firebase emulators:start --only functions",
    "shell": "firebase functions:shell",
    "start": "npm run shell",
    "deploy": "firebase deploy --only functions",
    "logs": "firebase functions:log"
  },
  "engines": {
    "node": "16"
  },
  "main": "index.js",
  "dependencies": {
    "cors": "^2.8.5",
    "express": "^4.18.1",
    "firebase-admin": "^10.0.2",
    "firebase-functions": "^3.18.0",
    "stripe": "^10.12.0"
  },
  "devDependencies": {
    "eslint": "^8.9.0",
    "eslint-config-google": "^0.14.0",
    "firebase-functions-test": "^0.2.0"
  },
  "private": true
}
[debug] [2022-10-02T05:54:42.157Z] Building nodejs source
[debug] [2022-10-02T05:54:42.157Z] Analyzing nodejs backend spec
[debug] [2022-10-02T05:54:42.158Z] Could not find functions.yaml. Must use http discovery
[debug] [2022-10-02T05:54:42.358Z] Serving at port 9005

[debug] [2022-10-02T05:54:42.479Z] Got response from /__/functions.yaml {"endpoints":{"api":{"platform":"gcfv1","httpsTrigger":{},"entryPoint":"api"}},"specVersion":"v1alpha1","requiredAPIs":[]}
[debug] [2022-10-02T05:54:42.483Z] shutdown requested via /__/quitquitquit

[info] +  functions: Loaded functions definitions from source: api. {"metadata":{"emulator":{"name":"functions"},"message":"Loaded functions definitions from source: api."}}
[debug] [2022-10-02T05:55:00.255Z] File D:\Marco\Documenti\Web Developer\Progetti\amazon-clone\functions\index.js changed, reloading triggers {"metadata":{"emulator":{"name":"functions"},"message":"File D:\\Marco\\Documenti\\Web Developer\\Progetti\\amazon-clone\\functions\\index.js changed, reloading triggers"}}
[debug] [2022-10-02T05:55:01.261Z] Validating nodejs source
[debug] [2022-10-02T05:55:04.098Z] > [functions] package.json contents: {
  "name": "functions",
  "description": "Cloud Functions for Firebase",
  "scripts": {
    "lint": "eslint .",
    "serve": "firebase emulators:start --only functions",
    "shell": "firebase functions:shell",
    "start": "npm run shell",
    "deploy": "firebase deploy --only functions",
    "logs": "firebase functions:log"
  },
  "engines": {
    "node": "16"
  },
  "main": "index.js",
  "dependencies": {
    "cors": "^2.8.5",
    "express": "^4.18.1",
    "firebase-admin": "^10.0.2",
    "firebase-functions": "^3.18.0",
    "stripe": "^10.12.0"
  },
  "devDependencies": {
    "eslint": "^8.9.0",
    "eslint-config-google": "^0.14.0",
    "firebase-functions-test": "^0.2.0"
  },
  "private": true
}
[debug] [2022-10-02T05:55:04.099Z] Building nodejs source
[debug] [2022-10-02T05:55:04.099Z] Analyzing nodejs backend spec
[debug] [2022-10-02T05:55:04.099Z] Could not find functions.yaml. Must use http discovery
[debug] [2022-10-02T05:55:04.314Z] Serving at port 9005

[debug] [2022-10-02T05:55:04.439Z] Got response from /__/functions.yaml {"endpoints":{"api":{"platform":"gcfv1","httpsTrigger":{},"entryPoint":"api"}},"specVersion":"v1alpha1","requiredAPIs":[]}
[debug] [2022-10-02T05:55:04.444Z] shutdown requested via /__/quitquitquit

[info] +  functions: Loaded functions definitions from source: api. {"metadata":{"emulator":{"name":"functions"},"message":"Loaded functions definitions from source: api."}}
[debug] [2022-10-02T05:55:40.932Z] [work-queue] {"queueLength":1,"workRunningCount":0}
[debug] [2022-10-02T05:55:40.932Z] [work-queue] {"queueLength":0,"workRunningCount":1}
[debug] [2022-10-02T05:55:40.932Z] Accepted request GET /clone-514e2/us-central1/api --> us-central1-api
[debug] [2022-10-02T05:55:40.935Z] [functions] Runtime ready! Sending request! {"metadata":{"emulator":{"name":"functions"},"message":"[functions] Runtime ready! Sending request!"}}
[debug] [2022-10-02T05:55:40.935Z] [functions] Got req.url=/clone-514e2/us-central1/api, mapping to path=/ {"metadata":{"emulator":{"name":"functions"},"message":"[functions] Got req.url=/clone-514e2/us-central1/api, mapping to path=/"}}
[debug] [2022-10-02T05:55:40.943Z] [worker-pool] addWorker(us-central1-api) {"metadata":{"emulator":{"name":"functions"},"message":"[worker-pool] addWorker(us-central1-api)"}}
[debug] [2022-10-02T05:55:40.943Z] [worker-pool] Adding worker with key us-central1-api, total=1 {"metadata":{"emulator":{"name":"functions"},"message":"[worker-pool] Adding worker with key us-central1-api, total=1"}}
[debug] [2022-10-02T05:55:42.174Z] [runtime-status] [2612] Resolved module firebase-admin {"declared":true,"installed":true,"version":"10.3.0","resolution":"D:\\Marco\\Documenti\\Web Developer\\Progetti\\amazon-clone\\functions\\node_modules\\firebase-admin\\lib\\index.js"} {"metadata":{"emulator":{"name":"functions"},"function":{"name":"us-central1-api"},"extension":{},"message":"[runtime-status] [2612] Resolved module firebase-admin {\"declared\":true,\"installed\":true,\"version\":\"10.3.0\",\"resolution\":\"D:\\\\Marco\\\\Documenti\\\\Web Developer\\\\Progetti\\\\amazon-clone\\\\functions\\\\node_modules\\\\firebase-admin\\\\lib\\\\index.js\"}"}}
[debug] [2022-10-02T05:55:42.175Z] [runtime-status] [2612] Resolved module firebase-functions {"declared":true,"installed":true,"version":"3.24.1","resolution":"D:\\Marco\\Documenti\\Web Developer\\Progetti\\amazon-clone\\functions\\node_modules\\firebase-functions\\lib\\index.js"} {"metadata":{"emulator":{"name":"functions"},"function":{"name":"us-central1-api"},"extension":{},"message":"[runtime-status] [2612] Resolved module firebase-functions {\"declared\":true,\"installed\":true,\"version\":\"3.24.1\",\"resolution\":\"D:\\\\Marco\\\\Documenti\\\\Web Developer\\\\Progetti\\\\amazon-clone\\\\functions\\\\node_modules\\\\firebase-functions\\\\lib\\\\index.js\"}"}}
[debug] [2022-10-02T05:55:42.175Z] [runtime-status] [2612] Outgoing network have been stubbed. [{"name":"http","status":"mocked"},{"name":"http","status":"mocked"},{"name":"https","status":"mocked"},{"name":"https","status":"mocked"},{"name":"net","status":"mocked"}] {"metadata":{"emulator":{"name":"functions"},"function":{"name":"us-central1-api"},"extension":{},"message":"[runtime-status] [2612] Outgoing network have been stubbed. [{\"name\":\"http\",\"status\":\"mocked\"},{\"name\":\"http\",\"status\":\"mocked\"},{\"name\":\"https\",\"status\":\"mocked\"},{\"name\":\"https\",\"status\":\"mocked\"},{\"name\":\"net\",\"status\":\"mocked\"}]"}}
[debug] [2022-10-02T05:55:42.176Z] [runtime-status] [2612] Resolved module firebase-functions {"declared":true,"installed":true,"version":"3.24.1","resolution":"D:\\Marco\\Documenti\\Web Developer\\Progetti\\amazon-clone\\functions\\node_modules\\firebase-functions\\lib\\index.js"} {"metadata":{"emulator":{"name":"functions"},"function":{"name":"us-central1-api"},"extension":{},"message":"[runtime-status] [2612] Resolved module firebase-functions {\"declared\":true,\"installed\":true,\"version\":\"3.24.1\",\"resolution\":\"D:\\\\Marco\\\\Documenti\\\\Web Developer\\\\Progetti\\\\amazon-clone\\\\functions\\\\node_modules\\\\firebase-functions\\\\lib\\\\index.js\"}"}}
[debug] [2022-10-02T05:55:42.218Z] [runtime-status] [2612] Checked functions.config() {"config":{}} {"metadata":{"emulator":{"name":"functions"},"function":{"name":"us-central1-api"},"extension":{},"message":"[runtime-status] [2612] Checked functions.config() {\"config\":{}}"}}
[debug] [2022-10-02T05:55:42.219Z] [runtime-status] [2612] firebase-functions has been stubbed. {"functionsResolution":{"declared":true,"installed":true,"version":"3.24.1","resolution":"D:\\Marco\\Documenti\\Web Developer\\Progetti\\amazon-clone\\functions\\node_modules\\firebase-functions\\lib\\index.js"}} {"metadata":{"emulator":{"name":"functions"},"function":{"name":"us-central1-api"},"extension":{},"message":"[runtime-status] [2612] firebase-functions has been stubbed. {\"functionsResolution\":{\"declared\":true,\"installed\":true,\"version\":\"3.24.1\",\"resolution\":\"D:\\\\Marco\\\\Documenti\\\\Web Developer\\\\Progetti\\\\amazon-clone\\\\functions\\\\node_modules\\\\firebase-functions\\\\lib\\\\index.js\"}}"}}
[debug] [2022-10-02T05:55:42.219Z] [runtime-status] [2612] Resolved module firebase-functions {"declared":true,"installed":true,"version":"3.24.1","resolution":"D:\\Marco\\Documenti\\Web Developer\\Progetti\\amazon-clone\\functions\\node_modules\\firebase-functions\\lib\\index.js"} {"metadata":{"emulator":{"name":"functions"},"function":{"name":"us-central1-api"},"extension":{},"message":"[runtime-status] [2612] Resolved module firebase-functions {\"declared\":true,\"installed\":true,\"version\":\"3.24.1\",\"resolution\":\"D:\\\\Marco\\\\Documenti\\\\Web Developer\\\\Progetti\\\\amazon-clone\\\\functions\\\\node_modules\\\\firebase-functions\\\\lib\\\\index.js\"}"}}
[debug] [2022-10-02T05:55:42.221Z] [runtime-status] [2612] Resolved module firebase-admin {"declared":true,"installed":true,"version":"10.3.0","resolution":"D:\\Marco\\Documenti\\Web Developer\\Progetti\\amazon-clone\\functions\\node_modules\\firebase-admin\\lib\\index.js"} {"metadata":{"emulator":{"name":"functions"},"function":{"name":"us-central1-api"},"extension":{},"message":"[runtime-status] [2612] Resolved module firebase-admin {\"declared\":true,\"installed\":true,\"version\":\"10.3.0\",\"resolution\":\"D:\\\\Marco\\\\Documenti\\\\Web Developer\\\\Progetti\\\\amazon-clone\\\\functions\\\\node_modules\\\\firebase-admin\\\\lib\\\\index.js\"}"}}
[debug] [2022-10-02T05:55:42.222Z] [runtime-status] [2612] Resolved module firebase-functions {"declared":true,"installed":true,"version":"3.24.1","resolution":"D:\\Marco\\Documenti\\Web Developer\\Progetti\\amazon-clone\\functions\\node_modules\\firebase-functions\\lib\\index.js"} {"metadata":{"emulator":{"name":"functions"},"function":{"name":"us-central1-api"},"extension":{},"message":"[runtime-status] [2612] Resolved module firebase-functions {\"declared\":true,\"installed\":true,\"version\":\"3.24.1\",\"resolution\":\"D:\\\\Marco\\\\Documenti\\\\Web Developer\\\\Progetti\\\\amazon-clone\\\\functions\\\\node_modules\\\\firebase-functions\\\\lib\\\\index.js\"}"}}
[debug] [2022-10-02T05:55:42.222Z] [runtime-status] [2612] firebase-admin has been stubbed. {"adminResolution":{"declared":true,"installed":true,"version":"10.3.0","resolution":"D:\\Marco\\Documenti\\Web Developer\\Progetti\\amazon-clone\\functions\\node_modules\\firebase-admin\\lib\\index.js"}} {"metadata":{"emulator":{"name":"functions"},"function":{"name":"us-central1-api"},"extension":{},"message":"[runtime-status] [2612] firebase-admin has been stubbed. {\"adminResolution\":{\"declared\":true,\"installed\":true,\"version\":\"10.3.0\",\"resolution\":\"D:\\\\Marco\\\\Documenti\\\\Web Developer\\\\Progetti\\\\amazon-clone\\\\functions\\\\node_modules\\\\firebase-admin\\\\lib\\\\index.js\"}}"}}
[debug] [2022-10-02T05:55:42.385Z] [runtime-status] [2612] Functions runtime initialized. {"cwd":"D:\\Marco\\Documenti\\Web Developer\\Progetti\\amazon-clone\\functions","node_version":"16.17.1"} {"metadata":{"emulator":{"name":"functions"},"function":{"name":"us-central1-api"},"extension":{},"message":"[runtime-status] [2612] Functions runtime initialized. {\"cwd\":\"D:\\\\Marco\\\\Documenti\\\\Web Developer\\\\Progetti\\\\amazon-clone\\\\functions\",\"node_version\":\"16.17.1\"}"}}
[debug] [2022-10-02T05:55:42.385Z] [runtime-status] [2612] Listening to port: \\?\pipe\fire_emu_076ea0fd2f6bcfd8 {"metadata":{"emulator":{"name":"functions"},"function":{"name":"us-central1-api"},"extension":{},"message":"[runtime-status] [2612] Listening to port: \\\\?\\pipe\\fire_emu_076ea0fd2f6bcfd8"}}
[debug] [2022-10-02T05:55:42.499Z] [worker-pool] submitRequest(triggerId=us-central1-api) {"metadata":{"emulator":{"name":"functions"},"message":"[worker-pool] submitRequest(triggerId=us-central1-api)"}}
[debug] [2022-10-02T05:55:42.499Z] [worker-us-central1-api-1d5608a9-994d-42ce-8ce7-5f8e8bd1cad9]: BUSY {"metadata":{"emulator":{"name":"functions"},"message":"[worker-us-central1-api-1d5608a9-994d-42ce-8ce7-5f8e8bd1cad9]: BUSY"}}
[info] i  functions: Beginning execution of "api" {"metadata":{"emulator":{"name":"functions"},"function":{"name":"us-central1-api"},"extension":{},"message":"Beginning execution of \"api\""}}
[debug] [2022-10-02T05:55:42.506Z] [worker-us-central1-api-1d5608a9-994d-42ce-8ce7-5f8e8bd1cad9]: IDLE {"metadata":{"emulator":{"name":"functions"},"message":"[worker-us-central1-api-1d5608a9-994d-42ce-8ce7-5f8e8bd1cad9]: IDLE"}}
[debug] [2022-10-02T05:55:42.506Z] [work-queue] {"queueLength":0,"workRunningCount":0}
[info] i  functions: Finished "api" in 3.601ms {"metadata":{"emulator":{"name":"functions"},"function":{"name":"us-central1-api"},"extension":{},"message":"Finished \"api\" in 3.601ms"}}
[debug] [2022-10-02T05:55:42.561Z] Functions emulator received unknown request at path /favicon.ico
[debug] [2022-10-02T05:57:27.904Z] File D:\Marco\Documenti\Web Developer\Progetti\amazon-clone\functions\index.js changed, reloading triggers {"metadata":{"emulator":{"name":"functions"},"message":"File D:\\Marco\\Documenti\\Web Developer\\Progetti\\amazon-clone\\functions\\index.js changed, reloading triggers"}}
[debug] [2022-10-02T05:57:28.915Z] Validating nodejs source
[debug] [2022-10-02T05:57:31.428Z] > [functions] package.json contents: {
  "name": "functions",
  "description": "Cloud Functions for Firebase",
  "scripts": {
    "lint": "eslint .",
    "serve": "firebase emulators:start --only functions",
    "shell": "firebase functions:shell",
    "start": "npm run shell",
    "deploy": "firebase deploy --only functions",
    "logs": "firebase functions:log"
  },
  "engines": {
    "node": "16"
  },
  "main": "index.js",
  "dependencies": {
    "cors": "^2.8.5",
    "express": "^4.18.1",
    "firebase-admin": "^10.0.2",
    "firebase-functions": "^3.18.0",
    "stripe": "^10.12.0"
  },
  "devDependencies": {
    "eslint": "^8.9.0",
    "eslint-config-google": "^0.14.0",
    "firebase-functions-test": "^0.2.0"
  },
  "private": true
}
[debug] [2022-10-02T05:57:31.428Z] Building nodejs source
[debug] [2022-10-02T05:57:31.428Z] Analyzing nodejs backend spec
[debug] [2022-10-02T05:57:31.429Z] Could not find functions.yaml. Must use http discovery
[debug] [2022-10-02T05:57:31.639Z] Serving at port 9005

[debug] [2022-10-02T05:57:31.757Z] Got response from /__/functions.yaml {"endpoints":{"api":{"platform":"gcfv1","httpsTrigger":{},"entryPoint":"api"}},"specVersion":"v1alpha1","requiredAPIs":[]}
[debug] [2022-10-02T05:57:31.762Z] shutdown requested via /__/quitquitquit

[info] +  functions: Loaded functions definitions from source: api. {"metadata":{"emulator":{"name":"functions"},"message":"Loaded functions definitions from source: api."}}
[debug] [2022-10-02T05:57:31.773Z] [worker-pool] Shutting down IDLE worker (us-central1-api) {"metadata":{"emulator":{"name":"functions"},"message":"[worker-pool] Shutting down IDLE worker (us-central1-api)"}}
[debug] [2022-10-02T05:57:31.773Z] [worker-us-central1-api-1d5608a9-994d-42ce-8ce7-5f8e8bd1cad9]: FINISHING {"metadata":{"emulator":{"name":"functions"},"message":"[worker-us-central1-api-1d5608a9-994d-42ce-8ce7-5f8e8bd1cad9]: FINISHING"}}
[debug] [2022-10-02T05:57:31.780Z] [worker-us-central1-api-1d5608a9-994d-42ce-8ce7-5f8e8bd1cad9]: exited {"metadata":{"emulator":{"name":"functions"},"message":"[worker-us-central1-api-1d5608a9-994d-42ce-8ce7-5f8e8bd1cad9]: exited"}}
[debug] [2022-10-02T05:57:31.780Z] [worker-us-central1-api-1d5608a9-994d-42ce-8ce7-5f8e8bd1cad9]: FINISHED {"metadata":{"emulator":{"name":"functions"},"message":"[worker-us-central1-api-1d5608a9-994d-42ce-8ce7-5f8e8bd1cad9]: FINISHED"}}
[debug] [2022-10-02T05:57:35.049Z] [work-queue] {"queueLength":1,"workRunningCount":0}
[debug] [2022-10-02T05:57:35.049Z] [work-queue] {"queueLength":0,"workRunningCount":1}
[debug] [2022-10-02T05:57:35.049Z] Accepted request GET /clone-514e2/us-central1/api --> us-central1-api
[debug] [2022-10-02T05:57:35.051Z] [functions] Runtime ready! Sending request! {"metadata":{"emulator":{"name":"functions"},"message":"[functions] Runtime ready! Sending request!"}}
[debug] [2022-10-02T05:57:35.051Z] [functions] Got req.url=/clone-514e2/us-central1/api, mapping to path=/ {"metadata":{"emulator":{"name":"functions"},"message":"[functions] Got req.url=/clone-514e2/us-central1/api, mapping to path=/"}}
[debug] [2022-10-02T05:57:35.053Z] [worker-pool] Cleaned up workers for us-central1-api: 1 --> 0 {"metadata":{"emulator":{"name":"functions"},"message":"[worker-pool] Cleaned up workers for us-central1-api: 1 --> 0"}}
[debug] [2022-10-02T05:57:35.059Z] [worker-pool] addWorker(us-central1-api) {"metadata":{"emulator":{"name":"functions"},"message":"[worker-pool] addWorker(us-central1-api)"}}
[debug] [2022-10-02T05:57:35.059Z] [worker-pool] Adding worker with key us-central1-api, total=1 {"metadata":{"emulator":{"name":"functions"},"message":"[worker-pool] Adding worker with key us-central1-api, total=1"}}
[debug] [2022-10-02T05:57:36.249Z] [runtime-status] [6848] Resolved module firebase-admin {"declared":true,"installed":true,"version":"10.3.0","resolution":"D:\\Marco\\Documenti\\Web Developer\\Progetti\\amazon-clone\\functions\\node_modules\\firebase-admin\\lib\\index.js"} {"metadata":{"emulator":{"name":"functions"},"function":{"name":"us-central1-api"},"extension":{},"message":"[runtime-status] [6848] Resolved module firebase-admin {\"declared\":true,\"installed\":true,\"version\":\"10.3.0\",\"resolution\":\"D:\\\\Marco\\\\Documenti\\\\Web Developer\\\\Progetti\\\\amazon-clone\\\\functions\\\\node_modules\\\\firebase-admin\\\\lib\\\\index.js\"}"}}
[debug] [2022-10-02T05:57:36.251Z] [runtime-status] [6848] Resolved module firebase-functions {"declared":true,"installed":true,"version":"3.24.1","resolution":"D:\\Marco\\Documenti\\Web Developer\\Progetti\\amazon-clone\\functions\\node_modules\\firebase-functions\\lib\\index.js"} {"metadata":{"emulator":{"name":"functions"},"function":{"name":"us-central1-api"},"extension":{},"message":"[runtime-status] [6848] Resolved module firebase-functions {\"declared\":true,\"installed\":true,\"version\":\"3.24.1\",\"resolution\":\"D:\\\\Marco\\\\Documenti\\\\Web Developer\\\\Progetti\\\\amazon-clone\\\\functions\\\\node_modules\\\\firebase-functions\\\\lib\\\\index.js\"}"}}
[debug] [2022-10-02T05:57:36.251Z] [runtime-status] [6848] Outgoing network have been stubbed. [{"name":"http","status":"mocked"},{"name":"http","status":"mocked"},{"name":"https","status":"mocked"},{"name":"https","status":"mocked"},{"name":"net","status":"mocked"}] {"metadata":{"emulator":{"name":"functions"},"function":{"name":"us-central1-api"},"extension":{},"message":"[runtime-status] [6848] Outgoing network have been stubbed. [{\"name\":\"http\",\"status\":\"mocked\"},{\"name\":\"http\",\"status\":\"mocked\"},{\"name\":\"https\",\"status\":\"mocked\"},{\"name\":\"https\",\"status\":\"mocked\"},{\"name\":\"net\",\"status\":\"mocked\"}]"}}
[debug] [2022-10-02T05:57:36.252Z] [runtime-status] [6848] Resolved module firebase-functions {"declared":true,"installed":true,"version":"3.24.1","resolution":"D:\\Marco\\Documenti\\Web Developer\\Progetti\\amazon-clone\\functions\\node_modules\\firebase-functions\\lib\\index.js"} {"metadata":{"emulator":{"name":"functions"},"function":{"name":"us-central1-api"},"extension":{},"message":"[runtime-status] [6848] Resolved module firebase-functions {\"declared\":true,\"installed\":true,\"version\":\"3.24.1\",\"resolution\":\"D:\\\\Marco\\\\Documenti\\\\Web Developer\\\\Progetti\\\\amazon-clone\\\\functions\\\\node_modules\\\\firebase-functions\\\\lib\\\\index.js\"}"}}
[debug] [2022-10-02T05:57:36.293Z] [runtime-status] [6848] Checked functions.config() {"config":{}} {"metadata":{"emulator":{"name":"functions"},"function":{"name":"us-central1-api"},"extension":{},"message":"[runtime-status] [6848] Checked functions.config() {\"config\":{}}"}}
[debug] [2022-10-02T05:57:36.294Z] [runtime-status] [6848] firebase-functions has been stubbed. {"functionsResolution":{"declared":true,"installed":true,"version":"3.24.1","resolution":"D:\\Marco\\Documenti\\Web Developer\\Progetti\\amazon-clone\\functions\\node_modules\\firebase-functions\\lib\\index.js"}} {"metadata":{"emulator":{"name":"functions"},"function":{"name":"us-central1-api"},"extension":{},"message":"[runtime-status] [6848] firebase-functions has been stubbed. {\"functionsResolution\":{\"declared\":true,\"installed\":true,\"version\":\"3.24.1\",\"resolution\":\"D:\\\\Marco\\\\Documenti\\\\Web Developer\\\\Progetti\\\\amazon-clone\\\\functions\\\\node_modules\\\\firebase-functions\\\\lib\\\\index.js\"}}"}}
[debug] [2022-10-02T05:57:36.294Z] [runtime-status] [6848] Resolved module firebase-functions {"declared":true,"installed":true,"version":"3.24.1","resolution":"D:\\Marco\\Documenti\\Web Developer\\Progetti\\amazon-clone\\functions\\node_modules\\firebase-functions\\lib\\index.js"} {"metadata":{"emulator":{"name":"functions"},"function":{"name":"us-central1-api"},"extension":{},"message":"[runtime-status] [6848] Resolved module firebase-functions {\"declared\":true,\"installed\":true,\"version\":\"3.24.1\",\"resolution\":\"D:\\\\Marco\\\\Documenti\\\\Web Developer\\\\Progetti\\\\amazon-clone\\\\functions\\\\node_modules\\\\firebase-functions\\\\lib\\\\index.js\"}"}}
[debug] [2022-10-02T05:57:36.296Z] [runtime-status] [6848] Resolved module firebase-admin {"declared":true,"installed":true,"version":"10.3.0","resolution":"D:\\Marco\\Documenti\\Web Developer\\Progetti\\amazon-clone\\functions\\node_modules\\firebase-admin\\lib\\index.js"} {"metadata":{"emulator":{"name":"functions"},"function":{"name":"us-central1-api"},"extension":{},"message":"[runtime-status] [6848] Resolved module firebase-admin {\"declared\":true,\"installed\":true,\"version\":\"10.3.0\",\"resolution\":\"D:\\\\Marco\\\\Documenti\\\\Web Developer\\\\Progetti\\\\amazon-clone\\\\functions\\\\node_modules\\\\firebase-admin\\\\lib\\\\index.js\"}"}}
[debug] [2022-10-02T05:57:36.296Z] [runtime-status] [6848] Resolved module firebase-functions {"declared":true,"installed":true,"version":"3.24.1","resolution":"D:\\Marco\\Documenti\\Web Developer\\Progetti\\amazon-clone\\functions\\node_modules\\firebase-functions\\lib\\index.js"} {"metadata":{"emulator":{"name":"functions"},"function":{"name":"us-central1-api"},"extension":{},"message":"[runtime-status] [6848] Resolved module firebase-functions {\"declared\":true,\"installed\":true,\"version\":\"3.24.1\",\"resolution\":\"D:\\\\Marco\\\\Documenti\\\\Web Developer\\\\Progetti\\\\amazon-clone\\\\functions\\\\node_modules\\\\firebase-functions\\\\lib\\\\index.js\"}"}}
[debug] [2022-10-02T05:57:36.296Z] [runtime-status] [6848] firebase-admin has been stubbed. {"adminResolution":{"declared":true,"installed":true,"version":"10.3.0","resolution":"D:\\Marco\\Documenti\\Web Developer\\Progetti\\amazon-clone\\functions\\node_modules\\firebase-admin\\lib\\index.js"}} {"metadata":{"emulator":{"name":"functions"},"function":{"name":"us-central1-api"},"extension":{},"message":"[runtime-status] [6848] firebase-admin has been stubbed. {\"adminResolution\":{\"declared\":true,\"installed\":true,\"version\":\"10.3.0\",\"resolution\":\"D:\\\\Marco\\\\Documenti\\\\Web Developer\\\\Progetti\\\\amazon-clone\\\\functions\\\\node_modules\\\\firebase-admin\\\\lib\\\\index.js\"}}"}}
[debug] [2022-10-02T05:57:36.455Z] [runtime-status] [6848] Functions runtime initialized. {"cwd":"D:\\Marco\\Documenti\\Web Developer\\Progetti\\amazon-clone\\functions","node_version":"16.17.1"} {"metadata":{"emulator":{"name":"functions"},"function":{"name":"us-central1-api"},"extension":{},"message":"[runtime-status] [6848] Functions runtime initialized. {\"cwd\":\"D:\\\\Marco\\\\Documenti\\\\Web Developer\\\\Progetti\\\\amazon-clone\\\\functions\",\"node_version\":\"16.17.1\"}"}}
[debug] [2022-10-02T05:57:36.455Z] [runtime-status] [6848] Listening to port: \\?\pipe\fire_emu_b8ee66fd729fbbe7 {"metadata":{"emulator":{"name":"functions"},"function":{"name":"us-central1-api"},"extension":{},"message":"[runtime-status] [6848] Listening to port: \\\\?\\pipe\\fire_emu_b8ee66fd729fbbe7"}}
[debug] [2022-10-02T05:57:36.515Z] [worker-pool] submitRequest(triggerId=us-central1-api) {"metadata":{"emulator":{"name":"functions"},"message":"[worker-pool] submitRequest(triggerId=us-central1-api)"}}
[debug] [2022-10-02T05:57:36.515Z] [worker-us-central1-api-f97db3cb-5579-4b59-a184-bfa1865f120a]: BUSY {"metadata":{"emulator":{"name":"functions"},"message":"[worker-us-central1-api-f97db3cb-5579-4b59-a184-bfa1865f120a]: BUSY"}}
[info] i  functions: Beginning execution of "api" {"metadata":{"emulator":{"name":"functions"},"function":{"name":"us-central1-api"},"extension":{},"message":"Beginning execution of \"api\""}}
[debug] [2022-10-02T05:57:36.521Z] [worker-us-central1-api-f97db3cb-5579-4b59-a184-bfa1865f120a]: IDLE {"metadata":{"emulator":{"name":"functions"},"message":"[worker-us-central1-api-f97db3cb-5579-4b59-a184-bfa1865f120a]: IDLE"}}
[debug] [2022-10-02T05:57:36.521Z] [work-queue] {"queueLength":0,"workRunningCount":0}
[info] i  functions: Finished "api" in 3.7056ms {"metadata":{"emulator":{"name":"functions"},"function":{"name":"us-central1-api"},"extension":{},"message":"Finished \"api\" in 3.7056ms"}}
[debug] [2022-10-02T05:57:40.062Z] File D:\Marco\Documenti\Web Developer\Progetti\amazon-clone\functions\index.js changed, reloading triggers {"metadata":{"emulator":{"name":"functions"},"message":"File D:\\Marco\\Documenti\\Web Developer\\Progetti\\amazon-clone\\functions\\index.js changed, reloading triggers"}}
[debug] [2022-10-02T05:57:41.065Z] Validating nodejs source
[debug] [2022-10-02T05:57:43.638Z] > [functions] package.json contents: {
  "name": "functions",
  "description": "Cloud Functions for Firebase",
  "scripts": {
    "lint": "eslint .",
    "serve": "firebase emulators:start --only functions",
    "shell": "firebase functions:shell",
    "start": "npm run shell",
    "deploy": "firebase deploy --only functions",
    "logs": "firebase functions:log"
  },
  "engines": {
    "node": "16"
  },
  "main": "index.js",
  "dependencies": {
    "cors": "^2.8.5",
    "express": "^4.18.1",
    "firebase-admin": "^10.0.2",
    "firebase-functions": "^3.18.0",
    "stripe": "^10.12.0"
  },
  "devDependencies": {
    "eslint": "^8.9.0",
    "eslint-config-google": "^0.14.0",
    "firebase-functions-test": "^0.2.0"
  },
  "private": true
}
[debug] [2022-10-02T05:57:43.638Z] Building nodejs source
[debug] [2022-10-02T05:57:43.638Z] Analyzing nodejs backend spec
[debug] [2022-10-02T05:57:43.638Z] Could not find functions.yaml. Must use http discovery
[debug] [2022-10-02T05:57:43.851Z] Serving at port 9005

[debug] [2022-10-02T05:57:43.970Z] Got response from /__/functions.yaml {"endpoints":{"api":{"platform":"gcfv1","httpsTrigger":{},"entryPoint":"api"}},"specVersion":"v1alpha1","requiredAPIs":[]}
[debug] [2022-10-02T05:57:43.974Z] shutdown requested via /__/quitquitquit

[info] +  functions: Loaded functions definitions from source: api. {"metadata":{"emulator":{"name":"functions"},"message":"Loaded functions definitions from source: api."}}
[debug] [2022-10-02T05:57:43.985Z] [worker-pool] Shutting down IDLE worker (us-central1-api) {"metadata":{"emulator":{"name":"functions"},"message":"[worker-pool] Shutting down IDLE worker (us-central1-api)"}}
[debug] [2022-10-02T05:57:43.985Z] [worker-us-central1-api-f97db3cb-5579-4b59-a184-bfa1865f120a]: FINISHING {"metadata":{"emulator":{"name":"functions"},"message":"[worker-us-central1-api-f97db3cb-5579-4b59-a184-bfa1865f120a]: FINISHING"}}
[debug] [2022-10-02T05:57:43.997Z] [worker-us-central1-api-f97db3cb-5579-4b59-a184-bfa1865f120a]: exited {"metadata":{"emulator":{"name":"functions"},"message":"[worker-us-central1-api-f97db3cb-5579-4b59-a184-bfa1865f120a]: exited"}}
[debug] [2022-10-02T05:57:43.997Z] [worker-us-central1-api-f97db3cb-5579-4b59-a184-bfa1865f120a]: FINISHED {"metadata":{"emulator":{"name":"functions"},"message":"[worker-us-central1-api-f97db3cb-5579-4b59-a184-bfa1865f120a]: FINISHED"}}
[debug] [2022-10-02T05:58:10.454Z] [work-queue] {"queueLength":1,"workRunningCount":0}
[debug] [2022-10-02T05:58:10.454Z] [work-queue] {"queueLength":0,"workRunningCount":1}
[debug] [2022-10-02T05:58:10.454Z] Accepted request GET /clone-514e2/us-central1/api/qazi --> us-central1-api
[debug] [2022-10-02T05:58:10.456Z] [functions] Runtime ready! Sending request! {"metadata":{"emulator":{"name":"functions"},"message":"[functions] Runtime ready! Sending request!"}}
[debug] [2022-10-02T05:58:10.457Z] [functions] Got req.url=/clone-514e2/us-central1/api/qazi, mapping to path=/qazi {"metadata":{"emulator":{"name":"functions"},"message":"[functions] Got req.url=/clone-514e2/us-central1/api/qazi, mapping to path=/qazi"}}
[debug] [2022-10-02T05:58:10.457Z] [worker-pool] Cleaned up workers for us-central1-api: 1 --> 0 {"metadata":{"emulator":{"name":"functions"},"message":"[worker-pool] Cleaned up workers for us-central1-api: 1 --> 0"}}
[debug] [2022-10-02T05:58:10.464Z] [worker-pool] addWorker(us-central1-api) {"metadata":{"emulator":{"name":"functions"},"message":"[worker-pool] addWorker(us-central1-api)"}}
[debug] [2022-10-02T05:58:10.464Z] [worker-pool] Adding worker with key us-central1-api, total=1 {"metadata":{"emulator":{"name":"functions"},"message":"[worker-pool] Adding worker with key us-central1-api, total=1"}}
[debug] [2022-10-02T05:58:11.667Z] [runtime-status] [11356] Resolved module firebase-admin {"declared":true,"installed":true,"version":"10.3.0","resolution":"D:\\Marco\\Documenti\\Web Developer\\Progetti\\amazon-clone\\functions\\node_modules\\firebase-admin\\lib\\index.js"} {"metadata":{"emulator":{"name":"functions"},"function":{"name":"us-central1-api"},"extension":{},"message":"[runtime-status] [11356] Resolved module firebase-admin {\"declared\":true,\"installed\":true,\"version\":\"10.3.0\",\"resolution\":\"D:\\\\Marco\\\\Documenti\\\\Web Developer\\\\Progetti\\\\amazon-clone\\\\functions\\\\node_modules\\\\firebase-admin\\\\lib\\\\index.js\"}"}}
[debug] [2022-10-02T05:58:11.669Z] [runtime-status] [11356] Resolved module firebase-functions {"declared":true,"installed":true,"version":"3.24.1","resolution":"D:\\Marco\\Documenti\\Web Developer\\Progetti\\amazon-clone\\functions\\node_modules\\firebase-functions\\lib\\index.js"} {"metadata":{"emulator":{"name":"functions"},"function":{"name":"us-central1-api"},"extension":{},"message":"[runtime-status] [11356] Resolved module firebase-functions {\"declared\":true,\"installed\":true,\"version\":\"3.24.1\",\"resolution\":\"D:\\\\Marco\\\\Documenti\\\\Web Developer\\\\Progetti\\\\amazon-clone\\\\functions\\\\node_modules\\\\firebase-functions\\\\lib\\\\index.js\"}"}}
[debug] [2022-10-02T05:58:11.669Z] [runtime-status] [11356] Outgoing network have been stubbed. [{"name":"http","status":"mocked"},{"name":"http","status":"mocked"},{"name":"https","status":"mocked"},{"name":"https","status":"mocked"},{"name":"net","status":"mocked"}] {"metadata":{"emulator":{"name":"functions"},"function":{"name":"us-central1-api"},"extension":{},"message":"[runtime-status] [11356] Outgoing network have been stubbed. [{\"name\":\"http\",\"status\":\"mocked\"},{\"name\":\"http\",\"status\":\"mocked\"},{\"name\":\"https\",\"status\":\"mocked\"},{\"name\":\"https\",\"status\":\"mocked\"},{\"name\":\"net\",\"status\":\"mocked\"}]"}}
[debug] [2022-10-02T05:58:11.670Z] [runtime-status] [11356] Resolved module firebase-functions {"declared":true,"installed":true,"version":"3.24.1","resolution":"D:\\Marco\\Documenti\\Web Developer\\Progetti\\amazon-clone\\functions\\node_modules\\firebase-functions\\lib\\index.js"} {"metadata":{"emulator":{"name":"functions"},"function":{"name":"us-central1-api"},"extension":{},"message":"[runtime-status] [11356] Resolved module firebase-functions {\"declared\":true,\"installed\":true,\"version\":\"3.24.1\",\"resolution\":\"D:\\\\Marco\\\\Documenti\\\\Web Developer\\\\Progetti\\\\amazon-clone\\\\functions\\\\node_modules\\\\firebase-functions\\\\lib\\\\index.js\"}"}}
[debug] [2022-10-02T05:58:11.711Z] [runtime-status] [11356] Checked functions.config() {"config":{}} {"metadata":{"emulator":{"name":"functions"},"function":{"name":"us-central1-api"},"extension":{},"message":"[runtime-status] [11356] Checked functions.config() {\"config\":{}}"}}
[debug] [2022-10-02T05:58:11.711Z] [runtime-status] [11356] firebase-functions has been stubbed. {"functionsResolution":{"declared":true,"installed":true,"version":"3.24.1","resolution":"D:\\Marco\\Documenti\\Web Developer\\Progetti\\amazon-clone\\functions\\node_modules\\firebase-functions\\lib\\index.js"}} {"metadata":{"emulator":{"name":"functions"},"function":{"name":"us-central1-api"},"extension":{},"message":"[runtime-status] [11356] firebase-functions has been stubbed. {\"functionsResolution\":{\"declared\":true,\"installed\":true,\"version\":\"3.24.1\",\"resolution\":\"D:\\\\Marco\\\\Documenti\\\\Web Developer\\\\Progetti\\\\amazon-clone\\\\functions\\\\node_modules\\\\firebase-functions\\\\lib\\\\index.js\"}}"}}
[debug] [2022-10-02T05:58:11.711Z] [runtime-status] [11356] Resolved module firebase-functions {"declared":true,"installed":true,"version":"3.24.1","resolution":"D:\\Marco\\Documenti\\Web Developer\\Progetti\\amazon-clone\\functions\\node_modules\\firebase-functions\\lib\\index.js"} {"metadata":{"emulator":{"name":"functions"},"function":{"name":"us-central1-api"},"extension":{},"message":"[runtime-status] [11356] Resolved module firebase-functions {\"declared\":true,\"installed\":true,\"version\":\"3.24.1\",\"resolution\":\"D:\\\\Marco\\\\Documenti\\\\Web Developer\\\\Progetti\\\\amazon-clone\\\\functions\\\\node_modules\\\\firebase-functions\\\\lib\\\\index.js\"}"}}
[debug] [2022-10-02T05:58:11.713Z] [runtime-status] [11356] Resolved module firebase-admin {"declared":true,"installed":true,"version":"10.3.0","resolution":"D:\\Marco\\Documenti\\Web Developer\\Progetti\\amazon-clone\\functions\\node_modules\\firebase-admin\\lib\\index.js"} {"metadata":{"emulator":{"name":"functions"},"function":{"name":"us-central1-api"},"extension":{},"message":"[runtime-status] [11356] Resolved module firebase-admin {\"declared\":true,\"installed\":true,\"version\":\"10.3.0\",\"resolution\":\"D:\\\\Marco\\\\Documenti\\\\Web Developer\\\\Progetti\\\\amazon-clone\\\\functions\\\\node_modules\\\\firebase-admin\\\\lib\\\\index.js\"}"}}
[debug] [2022-10-02T05:58:11.713Z] [runtime-status] [11356] Resolved module firebase-functions {"declared":true,"installed":true,"version":"3.24.1","resolution":"D:\\Marco\\Documenti\\Web Developer\\Progetti\\amazon-clone\\functions\\node_modules\\firebase-functions\\lib\\index.js"} {"metadata":{"emulator":{"name":"functions"},"function":{"name":"us-central1-api"},"extension":{},"message":"[runtime-status] [11356] Resolved module firebase-functions {\"declared\":true,\"installed\":true,\"version\":\"3.24.1\",\"resolution\":\"D:\\\\Marco\\\\Documenti\\\\Web Developer\\\\Progetti\\\\amazon-clone\\\\functions\\\\node_modules\\\\firebase-functions\\\\lib\\\\index.js\"}"}}
[debug] [2022-10-02T05:58:11.714Z] [runtime-status] [11356] firebase-admin has been stubbed. {"adminResolution":{"declared":true,"installed":true,"version":"10.3.0","resolution":"D:\\Marco\\Documenti\\Web Developer\\Progetti\\amazon-clone\\functions\\node_modules\\firebase-admin\\lib\\index.js"}} {"metadata":{"emulator":{"name":"functions"},"function":{"name":"us-central1-api"},"extension":{},"message":"[runtime-status] [11356] firebase-admin has been stubbed. {\"adminResolution\":{\"declared\":true,\"installed\":true,\"version\":\"10.3.0\",\"resolution\":\"D:\\\\Marco\\\\Documenti\\\\Web Developer\\\\Progetti\\\\amazon-clone\\\\functions\\\\node_modules\\\\firebase-admin\\\\lib\\\\index.js\"}}"}}
[debug] [2022-10-02T05:58:11.871Z] [runtime-status] [11356] Functions runtime initialized. {"cwd":"D:\\Marco\\Documenti\\Web Developer\\Progetti\\amazon-clone\\functions","node_version":"16.17.1"} {"metadata":{"emulator":{"name":"functions"},"function":{"name":"us-central1-api"},"extension":{},"message":"[runtime-status] [11356] Functions runtime initialized. {\"cwd\":\"D:\\\\Marco\\\\Documenti\\\\Web Developer\\\\Progetti\\\\amazon-clone\\\\functions\",\"node_version\":\"16.17.1\"}"}}
[debug] [2022-10-02T05:58:11.872Z] [runtime-status] [11356] Listening to port: \\?\pipe\fire_emu_3dee97f93294a415 {"metadata":{"emulator":{"name":"functions"},"function":{"name":"us-central1-api"},"extension":{},"message":"[runtime-status] [11356] Listening to port: \\\\?\\pipe\\fire_emu_3dee97f93294a415"}}
[debug] [2022-10-02T05:58:11.881Z] [worker-pool] submitRequest(triggerId=us-central1-api) {"metadata":{"emulator":{"name":"functions"},"message":"[worker-pool] submitRequest(triggerId=us-central1-api)"}}
[debug] [2022-10-02T05:58:11.881Z] [worker-us-central1-api-0fed378b-db87-4b60-a804-8116b11470a0]: BUSY {"metadata":{"emulator":{"name":"functions"},"message":"[worker-us-central1-api-0fed378b-db87-4b60-a804-8116b11470a0]: BUSY"}}
[info] i  functions: Beginning execution of "api" {"metadata":{"emulator":{"name":"functions"},"function":{"name":"us-central1-api"},"extension":{},"message":"Beginning execution of \"api\""}}
[debug] [2022-10-02T05:58:11.894Z] [worker-us-central1-api-0fed378b-db87-4b60-a804-8116b11470a0]: IDLE {"metadata":{"emulator":{"name":"functions"},"message":"[worker-us-central1-api-0fed378b-db87-4b60-a804-8116b11470a0]: IDLE"}}
[debug] [2022-10-02T05:58:11.894Z] [work-queue] {"queueLength":0,"workRunningCount":0}
[info] i  functions: Finished "api" in 5.3058ms {"metadata":{"emulator":{"name":"functions"},"function":{"name":"us-central1-api"},"extension":{},"message":"Finished \"api\" in 5.3058ms"}}
[debug] [2022-10-02T05:58:55.750Z] [work-queue] {"queueLength":1,"workRunningCount":0}
[debug] [2022-10-02T05:58:55.750Z] [work-queue] {"queueLength":0,"workRunningCount":1}
[debug] [2022-10-02T05:58:55.750Z] Accepted request GET /clone-514e2/us-central1/api --> us-central1-api
[debug] [2022-10-02T05:58:55.752Z] [functions] Runtime ready! Sending request! {"metadata":{"emulator":{"name":"functions"},"message":"[functions] Runtime ready! Sending request!"}}
[debug] [2022-10-02T05:58:55.752Z] [functions] Got req.url=/clone-514e2/us-central1/api, mapping to path=/ {"metadata":{"emulator":{"name":"functions"},"message":"[functions] Got req.url=/clone-514e2/us-central1/api, mapping to path=/"}}
[debug] [2022-10-02T05:58:55.752Z] [worker-pool] submitRequest(triggerId=us-central1-api) {"metadata":{"emulator":{"name":"functions"},"message":"[worker-pool] submitRequest(triggerId=us-central1-api)"}}
[debug] [2022-10-02T05:58:55.752Z] [worker-us-central1-api-0fed378b-db87-4b60-a804-8116b11470a0]: BUSY {"metadata":{"emulator":{"name":"functions"},"message":"[worker-us-central1-api-0fed378b-db87-4b60-a804-8116b11470a0]: BUSY"}}
[info] i  functions: Beginning execution of "api" {"metadata":{"emulator":{"name":"functions"},"function":{"name":"us-central1-api"},"extension":{},"message":"Beginning execution of \"api\""}}
[debug] [2022-10-02T05:58:55.755Z] [worker-us-central1-api-0fed378b-db87-4b60-a804-8116b11470a0]: IDLE {"metadata":{"emulator":{"name":"functions"},"message":"[worker-us-central1-api-0fed378b-db87-4b60-a804-8116b11470a0]: IDLE"}}
[debug] [2022-10-02T05:58:55.755Z] [work-queue] {"queueLength":0,"workRunningCount":0}
[info] i  functions: Finished "api" in 1.1476ms {"metadata":{"emulator":{"name":"functions"},"function":{"name":"us-central1-api"},"extension":{},"message":"Finished \"api\" in 1.1476ms"}}
[debug] [2022-10-02T06:00:12.604Z] File D:\Marco\Documenti\Web Developer\Progetti\amazon-clone\functions\index.js changed, reloading triggers {"metadata":{"emulator":{"name":"functions"},"message":"File D:\\Marco\\Documenti\\Web Developer\\Progetti\\amazon-clone\\functions\\index.js changed, reloading triggers"}}
[debug] [2022-10-02T06:00:13.619Z] Validating nodejs source
[debug] [2022-10-02T06:00:16.522Z] > [functions] package.json contents: {
  "name": "functions",
  "description": "Cloud Functions for Firebase",
  "scripts": {
    "lint": "eslint .",
    "serve": "firebase emulators:start --only functions",
    "shell": "firebase functions:shell",
    "start": "npm run shell",
    "deploy": "firebase deploy --only functions",
    "logs": "firebase functions:log"
  },
  "engines": {
    "node": "16"
  },
  "main": "index.js",
  "dependencies": {
    "cors": "^2.8.5",
    "express": "^4.18.1",
    "firebase-admin": "^10.0.2",
    "firebase-functions": "^3.18.0",
    "stripe": "^10.12.0"
  },
  "devDependencies": {
    "eslint": "^8.9.0",
    "eslint-config-google": "^0.14.0",
    "firebase-functions-test": "^0.2.0"
  },
  "private": true
}
[debug] [2022-10-02T06:00:16.522Z] Building nodejs source
[debug] [2022-10-02T06:00:16.522Z] Analyzing nodejs backend spec
[debug] [2022-10-02T06:00:16.523Z] Could not find functions.yaml. Must use http discovery
[debug] [2022-10-02T06:00:16.724Z] Serving at port 9005

[debug] [2022-10-02T06:00:23.523Z] Got response from /__/functions.yaml {"endpoints":{"api":{"platform":"gcfv1","httpsTrigger":{},"entryPoint":"api"}},"specVersion":"v1alpha1","requiredAPIs":[]}
[debug] [2022-10-02T06:00:23.526Z] shutdown requested via /__/quitquitquit

[info] +  functions: Loaded functions definitions from source: api. {"metadata":{"emulator":{"name":"functions"},"message":"Loaded functions definitions from source: api."}}
[debug] [2022-10-02T06:00:23.550Z] [worker-pool] Shutting down IDLE worker (us-central1-api) {"metadata":{"emulator":{"name":"functions"},"message":"[worker-pool] Shutting down IDLE worker (us-central1-api)"}}
[debug] [2022-10-02T06:00:23.550Z] [worker-us-central1-api-0fed378b-db87-4b60-a804-8116b11470a0]: FINISHING {"metadata":{"emulator":{"name":"functions"},"message":"[worker-us-central1-api-0fed378b-db87-4b60-a804-8116b11470a0]: FINISHING"}}
[debug] [2022-10-02T06:00:23.557Z] [worker-us-central1-api-0fed378b-db87-4b60-a804-8116b11470a0]: exited {"metadata":{"emulator":{"name":"functions"},"message":"[worker-us-central1-api-0fed378b-db87-4b60-a804-8116b11470a0]: exited"}}
[debug] [2022-10-02T06:00:23.557Z] [worker-us-central1-api-0fed378b-db87-4b60-a804-8116b11470a0]: FINISHED {"metadata":{"emulator":{"name":"functions"},"message":"[worker-us-central1-api-0fed378b-db87-4b60-a804-8116b11470a0]: FINISHED"}}
[debug] [2022-10-02T06:04:49.242Z] File D:\Marco\Documenti\Web Developer\Progetti\amazon-clone\functions\index.js changed, reloading triggers {"metadata":{"emulator":{"name":"functions"},"message":"File D:\\Marco\\Documenti\\Web Developer\\Progetti\\amazon-clone\\functions\\index.js changed, reloading triggers"}}
[debug] [2022-10-02T06:04:50.243Z] Validating nodejs source
[debug] [2022-10-02T06:04:53.048Z] > [functions] package.json contents: {
  "name": "functions",
  "description": "Cloud Functions for Firebase",
  "scripts": {
    "lint": "eslint .",
    "serve": "firebase emulators:start --only functions",
    "shell": "firebase functions:shell",
    "start": "npm run shell",
    "deploy": "firebase deploy --only functions",
    "logs": "firebase functions:log"
  },
  "engines": {
    "node": "16"
  },
  "main": "index.js",
  "dependencies": {
    "cors": "^2.8.5",
    "express": "^4.18.1",
    "firebase-admin": "^10.0.2",
    "firebase-functions": "^3.18.0",
    "stripe": "^10.12.0"
  },
  "devDependencies": {
    "eslint": "^8.9.0",
    "eslint-config-google": "^0.14.0",
    "firebase-functions-test": "^0.2.0"
  },
  "private": true
}
[debug] [2022-10-02T06:04:53.048Z] Building nodejs source
[debug] [2022-10-02T06:04:53.048Z] Analyzing nodejs backend spec
[debug] [2022-10-02T06:04:53.049Z] Could not find functions.yaml. Must use http discovery
[debug] [2022-10-02T06:04:53.257Z] Serving at port 9005

[debug] [2022-10-02T06:05:00.412Z] Got response from /__/functions.yaml {"endpoints":{"api":{"platform":"gcfv1","httpsTrigger":{},"entryPoint":"api"}},"specVersion":"v1alpha1","requiredAPIs":[]}
[debug] [2022-10-02T06:05:00.415Z] shutdown requested via /__/quitquitquit

[info] +  functions: Loaded functions definitions from source: api. {"metadata":{"emulator":{"name":"functions"},"message":"Loaded functions definitions from source: api."}}
[debug] [2022-10-02T06:05:17.560Z] File D:\Marco\Documenti\Web Developer\Progetti\amazon-clone\functions\index.js changed, reloading triggers {"metadata":{"emulator":{"name":"functions"},"message":"File D:\\Marco\\Documenti\\Web Developer\\Progetti\\amazon-clone\\functions\\index.js changed, reloading triggers"}}
[debug] [2022-10-02T06:05:18.565Z] Validating nodejs source
[debug] [2022-10-02T06:05:21.348Z] > [functions] package.json contents: {
  "name": "functions",
  "description": "Cloud Functions for Firebase",
  "scripts": {
    "lint": "eslint .",
    "serve": "firebase emulators:start --only functions",
    "shell": "firebase functions:shell",
    "start": "npm run shell",
    "deploy": "firebase deploy --only functions",
    "logs": "firebase functions:log"
  },
  "engines": {
    "node": "16"
  },
  "main": "index.js",
  "dependencies": {
    "cors": "^2.8.5",
    "express": "^4.18.1",
    "firebase-admin": "^10.0.2",
    "firebase-functions": "^3.18.0",
    "stripe": "^10.12.0"
  },
  "devDependencies": {
    "eslint": "^8.9.0",
    "eslint-config-google": "^0.14.0",
    "firebase-functions-test": "^0.2.0"
  },
  "private": true
}
[debug] [2022-10-02T06:05:21.349Z] Building nodejs source
[debug] [2022-10-02T06:05:21.349Z] Analyzing nodejs backend spec
[debug] [2022-10-02T06:05:21.349Z] Could not find functions.yaml. Must use http discovery
[debug] [2022-10-02T06:05:21.563Z] Serving at port 9005

[debug] [2022-10-02T06:05:28.613Z] Got response from /__/functions.yaml {"endpoints":{"api":{"platform":"gcfv1","httpsTrigger":{},"entryPoint":"api"}},"specVersion":"v1alpha1","requiredAPIs":[]}
[debug] [2022-10-02T06:05:28.617Z] shutdown requested via /__/quitquitquit

[info] +  functions: Loaded functions definitions from source: api. {"metadata":{"emulator":{"name":"functions"},"message":"Loaded functions definitions from source: api."}}
[debug] [2022-10-02T06:06:36.068Z] File D:\Marco\Documenti\Web Developer\Progetti\amazon-clone\functions\index.js changed, reloading triggers {"metadata":{"emulator":{"name":"functions"},"message":"File D:\\Marco\\Documenti\\Web Developer\\Progetti\\amazon-clone\\functions\\index.js changed, reloading triggers"}}
[debug] [2022-10-02T06:06:37.080Z] Validating nodejs source
[debug] [2022-10-02T06:06:39.612Z] > [functions] package.json contents: {
  "name": "functions",
  "description": "Cloud Functions for Firebase",
  "scripts": {
    "lint": "eslint .",
    "serve": "firebase emulators:start --only functions",
    "shell": "firebase functions:shell",
    "start": "npm run shell",
    "deploy": "firebase deploy --only functions",
    "logs": "firebase functions:log"
  },
  "engines": {
    "node": "16"
  },
  "main": "index.js",
  "dependencies": {
    "cors": "^2.8.5",
    "express": "^4.18.1",
    "firebase-admin": "^10.0.2",
    "firebase-functions": "^3.18.0",
    "stripe": "^10.12.0"
  },
  "devDependencies": {
    "eslint": "^8.9.0",
    "eslint-config-google": "^0.14.0",
    "firebase-functions-test": "^0.2.0"
  },
  "private": true
}
[debug] [2022-10-02T06:06:39.612Z] Building nodejs source
[debug] [2022-10-02T06:06:39.612Z] Analyzing nodejs backend spec
[debug] [2022-10-02T06:06:39.613Z] Could not find functions.yaml. Must use http discovery
[debug] [2022-10-02T06:06:39.926Z] Serving at port 9005

[debug] [2022-10-02T06:06:47.147Z] Got response from /__/functions.yaml {"endpoints":{"api":{"platform":"gcfv1","httpsTrigger":{},"entryPoint":"api"}},"specVersion":"v1alpha1","requiredAPIs":[]}
[debug] [2022-10-02T06:06:47.150Z] shutdown requested via /__/quitquitquit

[info] +  functions: Loaded functions definitions from source: api. {"metadata":{"emulator":{"name":"functions"},"message":"Loaded functions definitions from source: api."}}
[debug] [2022-10-02T06:09:17.157Z] File D:\Marco\Documenti\Web Developer\Progetti\amazon-clone\functions\index.js changed, reloading triggers {"metadata":{"emulator":{"name":"functions"},"message":"File D:\\Marco\\Documenti\\Web Developer\\Progetti\\amazon-clone\\functions\\index.js changed, reloading triggers"}}
[debug] [2022-10-02T06:09:18.168Z] Validating nodejs source
[debug] [2022-10-02T06:09:20.641Z] > [functions] package.json contents: {
  "name": "functions",
  "description": "Cloud Functions for Firebase",
  "scripts": {
    "lint": "eslint .",
    "serve": "firebase emulators:start --only functions",
    "shell": "firebase functions:shell",
    "start": "npm run shell",
    "deploy": "firebase deploy --only functions",
    "logs": "firebase functions:log"
  },
  "engines": {
    "node": "16"
  },
  "main": "index.js",
  "dependencies": {
    "cors": "^2.8.5",
    "express": "^4.18.1",
    "firebase-admin": "^10.0.2",
    "firebase-functions": "^3.18.0",
    "stripe": "^10.12.0"
  },
  "devDependencies": {
    "eslint": "^8.9.0",
    "eslint-config-google": "^0.14.0",
    "firebase-functions-test": "^0.2.0"
  },
  "private": true
}
[debug] [2022-10-02T06:09:20.641Z] Building nodejs source
[debug] [2022-10-02T06:09:20.642Z] Analyzing nodejs backend spec
[debug] [2022-10-02T06:09:20.642Z] Could not find functions.yaml. Must use http discovery
[debug] [2022-10-02T06:09:20.841Z] Serving at port 9005

